Device Boot Report
InTouch log file: device5_intouch.log

=== Device Boot ===
31063(device5_intouch.log): 2014-Jan-26 09:55:07 Boot Start
=== Device Boot ===
31176(device5_intouch.log): 2014-Jan-26 09:58:04 Boot Completed
	Boot Time: 177000ms

=== Device Boot ===
31274(device5_intouch.log): 2014-Jan-26 12:15:18 Boot Start
***** Incomplete Booting ***** 

=== Device Boot ===
31293(device5_intouch.log): 2014-Jan-26 14:02:39 Boot Start
=== Device Boot ===
31401(device5_intouch.log): 2014-Jan-26 14:05:24 Boot Completed
	Boot Time: 165000ms

=== Device Boot ===
32623(device5_intouch.log): 2014-Jan-27 12:27:55 Boot Start
***** Incomplete Booting ***** 

=== Device Boot ===
32641(device5_intouch.log): 2014-Jan-27 12:30:23 Boot Start
***** Incomplete Booting ***** 

=== Device Boot ===
32656(device5_intouch.log): 2014-Jan-27 12:32:51 Boot Start
***** Incomplete Booting ***** 

=== Device Boot ===
32674(device5_intouch.log): 2014-Jan-27 12:35:19 Boot Start
***** Incomplete Booting ***** 

=== Device Boot ===
32693(device5_intouch.log): 2014-Jan-27 14:02:38 Boot Start
=== Device Boot ===
32801(device5_intouch.log): 2014-Jan-27 14:05:21 Boot Completed
	Boot Time: 163000ms

=== Device Boot ===
33709(device5_intouch.log): 2014-Jan-28 12:44:17 Boot Start
***** Incomplete Booting ***** 

=== Device Boot ===
33725(device5_intouch.log): 2014-Jan-28 14:02:33 Boot Start
=== Device Boot ===
33833(device5_intouch.log): 2014-Jan-28 14:05:15 Boot Completed
	Boot Time: 162000ms

=== Device Boot ===
34594(device5_intouch.log): 2014-Jan-29 12:43:07 Boot Start
***** Incomplete Booting ***** 

=== Device Boot ===
34613(device5_intouch.log): 2014-Jan-29 14:02:35 Boot Start
=== Device Boot ===
34721(device5_intouch.log): 2014-Jan-29 14:05:19 Boot Completed
	Boot Time: 164000ms

=== Device Boot ===
37428(device5_intouch.log): 2014-Jan-30 12:43:05 Boot Start
***** Incomplete Booting ***** 

=== Device Boot ===
37447(device5_intouch.log): 2014-Jan-30 14:02:40 Boot Start
=== Device Boot ===
37555(device5_intouch.log): 2014-Jan-30 14:05:22 Boot Completed
	Boot Time: 162000ms

=== Device Boot ===
38258(device5_intouch.log): 2014-Jan-31 14:02:33 Boot Start
=== Device Boot ===
38366(device5_intouch.log): 2014-Jan-31 14:05:16 Boot Completed
	Boot Time: 163000ms

=== Device Boot ===
39150(device5_intouch.log): 2014-Feb-01 12:39:38 Boot Start
***** Incomplete Booting ***** 

=== Device Boot ===
39166(device5_intouch.log): 2014-Feb-01 12:42:07 Boot Start
***** Incomplete Booting ***** 

=== Device Boot ===
39182(device5_intouch.log): 2014-Feb-01 14:02:32 Boot Start
=== Device Boot ===
39290(device5_intouch.log): 2014-Feb-01 14:05:16 Boot Completed
	Boot Time: 164000ms

=== Device Boot ===
40288(device5_intouch.log): 2014-Feb-02 14:02:39 Boot Start
=== Device Boot ===
40397(device5_intouch.log): 2014-Feb-02 14:05:31 Boot Completed
	Boot Time: 172000ms

=== Device Boot ===
41615(device5_intouch.log): 2014-Feb-03 12:35:55 Boot Start
***** Incomplete Booting ***** 

=== Device Boot ===
41633(device5_intouch.log): 2014-Feb-03 12:38:22 Boot Start
***** Incomplete Booting ***** 

=== Device Boot ===
41648(device5_intouch.log): 2014-Feb-03 12:40:48 Boot Start
***** Incomplete Booting ***** 

=== Device Boot ===
41666(device5_intouch.log): 2014-Feb-03 12:43:17 Boot Start
***** Incomplete Booting ***** 

=== Device Boot ===
41684(device5_intouch.log): 2014-Feb-03 12:45:46 Boot Start
***** Incomplete Booting ***** 

=== Device Boot ===
41694(device5_intouch.log): 2014-Feb-03 14:02:34 Boot Start
=== Device Boot ===
41802(device5_intouch.log): 2014-Feb-03 14:05:18 Boot Completed
	Boot Time: 164000ms

