Device Boot Report
InTouch log file: device4_intouch.log

=== Device Boot ===
4(device4_intouch.log): 2013-Oct-02 18:42:38 Boot Start
=== Device Boot ===
112(device4_intouch.log): 2013-Oct-02 18:45:23 Boot Completed
	Boot Time: 165000ms

=== Device Boot ===
747(device4_intouch.log): 2013-Oct-03 12:23:21 Boot Start
=== Device Boot ===
855(device4_intouch.log): 2013-Oct-03 12:26:15 Boot Completed
	Boot Time: 174000ms

=== Device Boot ===
1459(device4_intouch.log): 2013-Oct-04 16:20:03 Boot Start
=== Device Boot ===
1568(device4_intouch.log): 2013-Oct-04 16:23:06 Boot Completed
	Boot Time: 183000ms

=== Device Boot ===
31848(device4_intouch.log): 2013-Dec-03 16:21:13 Boot Start
=== Device Boot ===
31956(device4_intouch.log): 2013-Dec-03 16:24:08 Boot Completed
	Boot Time: 175000ms

=== Device Boot ===
32789(device4_intouch.log): 2013-Dec-04 21:50:27 Boot Start
=== Device Boot ===
33032(device4_intouch.log): 2013-Dec-04 21:52:57 Boot Completed
	Boot Time: 150000ms

=== Device Boot ===
33145(device4_intouch.log): 2013-Dec-04 21:58:45 Boot Start
=== Device Boot ===
33390(device4_intouch.log): 2013-Dec-04 22:01:14 Boot Completed
	Boot Time: 149000ms

=== Device Boot ===
33677(device4_intouch.log): 2013-Dec-04 22:21:03 Boot Start
=== Device Boot ===
33920(device4_intouch.log): 2013-Dec-04 22:23:31 Boot Completed
	Boot Time: 148000ms

=== Device Boot ===
45295(device4_intouch.log): 2013-Dec-05 13:34:25 Boot Start
=== Device Boot ===
45538(device4_intouch.log): 2013-Dec-05 13:36:55 Boot Completed
	Boot Time: 150000ms

=== Device Boot ===
45615(device4_intouch.log): 2013-Dec-05 14:12:25 Boot Start
=== Device Boot ===
45858(device4_intouch.log): 2013-Dec-05 14:14:53 Boot Completed
	Boot Time: 148000ms

=== Device Boot ===
46117(device4_intouch.log): 2013-Dec-05 15:39:02 Boot Start
=== Device Boot ===
46353(device4_intouch.log): 2013-Dec-05 15:41:29 Boot Completed
	Boot Time: 147000ms

=== Device Boot ===
46357(device4_intouch.log): 2013-Dec-05 20:20:24 Boot Start
=== Device Boot ===
46600(device4_intouch.log): 2013-Dec-05 20:22:54 Boot Completed
	Boot Time: 150000ms

=== Device Boot ===
46792(device4_intouch.log): 2013-Dec-10 13:20:43 Boot Start
=== Device Boot ===
47035(device4_intouch.log): 2013-Dec-10 13:23:12 Boot Completed
	Boot Time: 149000ms

=== Device Boot ===
47700(device4_intouch.log): 2013-Dec-10 19:40:58 Boot Start
=== Device Boot ===
47991(device4_intouch.log): 2013-Dec-10 19:43:55 Boot Completed
	Boot Time: 177000ms

=== Device Boot ===
48100(device4_intouch.log): 2013-Dec-11 14:09:11 Boot Start
=== Device Boot ===
48341(device4_intouch.log): 2013-Dec-11 14:11:41 Boot Completed
	Boot Time: 150000ms

=== Device Boot ===
48345(device4_intouch.log): 2013-Dec-11 14:17:49 Boot Start
=== Device Boot ===
48636(device4_intouch.log): 2013-Dec-11 14:20:46 Boot Completed
	Boot Time: 177000ms

